[0.000][INFO]:      ChromeDriver 23.0.1240.0 /usr/local/bin/chromedriver
[0.229][FINE]:      Initializing session with capabilities {
   "browserName": "chrome",
   "chrome.detach": true,
   "chrome.switches": [ "--ignore-certificate-errors", "--always-authorize-plugins", "--remote-debugging-port=9222", "--display=:99", "--proxy-server=localhost:9091" ],
   "chromeOptions": {
      "args": [ "--ignore-certificate-errors", "--always-authorize-plugins", "--remote-debugging-port=9222", "--display=:99", "--proxy-server=localhost:9091" ],
      "detach": true
   },
   "cssSelectorsEnabled": true,
   "javascriptEnabled": true,
   "nativeEvents": false,
   "platform": "ANY",
   "rotatable": false,
   "takesScreenshot": false,
   "version": ""
}

[0.231][INFO]:      Using named testing interface
[0.693][INFO]:      Connected to Chrome successfully. Version: 23.0.1271.101
[0.696][FINE]:      Command received (/session/981dcc7aa0c3861197ef54b38179dd04)
[0.696][FINE]:      Command finished (/session/981dcc7aa0c3861197ef54b38179dd04) with response {
   "sessionId": "981dcc7aa0c3861197ef54b38179dd04",
   "status": 0,
   "value": {
      "acceptSslCerts": false,
      "applicationCacheEnabled": false,
      "browserConnectionEnabled": false,
      "browserName": "chrome",
      "chrome.chromedriverVersion": "23.0.1240.0",
      "chrome.nativeEvents": false,
      "cssSelectorsEnabled": true,
      "databaseEnabled": false,
      "handlesAlerts": true,
      "javascriptEnabled": true,
      "locationContextEnabled": false,
      "nativeEvents": true,
      "platform": "mac",
      "rotatable": false,
      "takesScreenshot": true,
      "version": "23.0.1271.101",
      "webStorageEnabled": true
   }
}

[0.698][FINE]:      Command received (/session/981dcc7aa0c3861197ef54b38179dd04/screenshot)
[0.698][FINER]:     Waiting for all views to stop loading...
[0.708][FINER]:     Done waiting for all views to stop loading
[0.775][FINER]:     Waiting for all views to stop loading...
[0.775][FINER]:     Done waiting for all views to stop loading
[0.775][FINE]:      Command finished (/session/981dcc7aa0c3861197ef54b38179dd04/screenshot) with response {
   "sessionId": "981dcc7aa0c3861197ef54b38179dd04",
   "status": 0,
   "value": "iVBORw0KGgoAAAANSUhEUgAABBoAAAL2CAIAAABg6GLLAAAPTUlEQVR4nO3XwQ3AIBDAsNL9dz5mIB+EZE+Qb9bMfAAAAOf+2..."
}

[1.202][FINE]:      Command received (/session/981dcc7aa0c3861197ef54b38179dd04)
[1.259][INFO]:      Chrome shutdown
